[2021-07-09 18:00:40,679] INFO [Controller id=0] Processing automatic preferred replica leader election (kafka.controller.KafkaController)
[2021-07-09 18:00:40,682] TRACE [Controller id=0] Checking need to trigger auto leader balancing (kafka.controller.KafkaController)
[2021-07-09 18:05:40,684] INFO [Controller id=0] Processing automatic preferred replica leader election (kafka.controller.KafkaController)
[2021-07-09 18:05:40,684] TRACE [Controller id=0] Checking need to trigger auto leader balancing (kafka.controller.KafkaController)
[2021-07-09 18:10:41,656] INFO [Controller id=0] Processing automatic preferred replica leader election (kafka.controller.KafkaController)
[2021-07-09 18:10:41,813] TRACE [Controller id=0] Checking need to trigger auto leader balancing (kafka.controller.KafkaController)
[2021-07-09 18:12:44,722] INFO [Controller id=0] Shutting down broker 0 (kafka.controller.KafkaController)
[2021-07-09 18:12:44,738] DEBUG [Controller id=0] All shutting down brokers: 0 (kafka.controller.KafkaController)
[2021-07-09 18:12:44,739] DEBUG [Controller id=0] Live brokers:  (kafka.controller.KafkaController)
[2021-07-09 18:12:44,783] TRACE [Controller id=0] All leaders =  (kafka.controller.KafkaController)
[2021-07-09 18:12:48,108] INFO [ControllerEventThread controllerId=0] Shutting down (kafka.controller.ControllerEventManager$ControllerEventThread)
[2021-07-09 18:12:48,109] INFO [ControllerEventThread controllerId=0] Shutdown completed (kafka.controller.ControllerEventManager$ControllerEventThread)
[2021-07-09 18:12:48,109] INFO [ControllerEventThread controllerId=0] Stopped (kafka.controller.ControllerEventManager$ControllerEventThread)
[2021-07-09 18:12:48,110] DEBUG [Controller id=0] Resigning (kafka.controller.KafkaController)
[2021-07-09 18:12:48,111] DEBUG [Controller id=0] Unregister BrokerModifications handler for Set(0) (kafka.controller.KafkaController)
[2021-07-09 18:12:48,112] INFO [PartitionStateMachine controllerId=0] Stopped partition state machine (kafka.controller.ZkPartitionStateMachine)
[2021-07-09 18:12:48,113] INFO [ReplicaStateMachine controllerId=0] Stopped replica state machine (kafka.controller.ZkReplicaStateMachine)
[2021-07-09 18:12:48,153] INFO [RequestSendThread controllerId=0] Shutting down (kafka.controller.RequestSendThread)
[2021-07-09 18:12:48,154] INFO [RequestSendThread controllerId=0] Shutdown completed (kafka.controller.RequestSendThread)
[2021-07-09 18:12:48,154] INFO [RequestSendThread controllerId=0] Stopped (kafka.controller.RequestSendThread)
[2021-07-09 18:12:48,156] INFO [Controller id=0] Resigned (kafka.controller.KafkaController)
