[2021-07-09 18:12:43,519] INFO Terminating process due to signal SIGINT (org.apache.kafka.common.utils.LoggingSignalHandler)
[2021-07-09 18:12:44,045] INFO [KafkaServer id=0] shutting down (kafka.server.KafkaServer)
[2021-07-09 18:12:44,115] INFO [KafkaServer id=0] Starting controlled shutdown (kafka.server.KafkaServer)
[2021-07-09 18:12:44,850] INFO [KafkaServer id=0] Controlled shutdown succeeded (kafka.server.KafkaServer)
[2021-07-09 18:12:45,104] INFO [/config/changes-event-process-thread]: Shutting down (kafka.common.ZkNodeChangeNotificationListener$ChangeEventProcessThread)
[2021-07-09 18:12:45,105] INFO [/config/changes-event-process-thread]: Stopped (kafka.common.ZkNodeChangeNotificationListener$ChangeEventProcessThread)
[2021-07-09 18:12:45,105] INFO [/config/changes-event-process-thread]: Shutdown completed (kafka.common.ZkNodeChangeNotificationListener$ChangeEventProcessThread)
[2021-07-09 18:12:45,107] INFO [SocketServer listenerType=ZK_BROKER, nodeId=0] Stopping socket server request processors (kafka.network.SocketServer)
[2021-07-09 18:12:45,157] INFO [SocketServer listenerType=ZK_BROKER, nodeId=0] Stopped socket server request processors (kafka.network.SocketServer)
[2021-07-09 18:12:45,158] INFO [data-plane Kafka Request Handler on Broker 0], shutting down (kafka.server.KafkaRequestHandlerPool)
[2021-07-09 18:12:45,161] INFO [data-plane Kafka Request Handler on Broker 0], shut down completely (kafka.server.KafkaRequestHandlerPool)
[2021-07-09 18:12:45,169] INFO [ExpirationReaper-0-AlterAcls]: Shutting down (kafka.server.DelayedOperationPurgatory$ExpiredOperationReaper)
[2021-07-09 18:12:45,345] INFO [ExpirationReaper-0-AlterAcls]: Stopped (kafka.server.DelayedOperationPurgatory$ExpiredOperationReaper)
[2021-07-09 18:12:45,345] INFO [ExpirationReaper-0-AlterAcls]: Shutdown completed (kafka.server.DelayedOperationPurgatory$ExpiredOperationReaper)
[2021-07-09 18:12:45,347] INFO [KafkaApi-0] Shutdown complete. (kafka.server.KafkaApis)
[2021-07-09 18:12:45,348] INFO [/kafka-acl-changes-event-process-thread]: Shutting down (kafka.common.ZkNodeChangeNotificationListener$ChangeEventProcessThread)
[2021-07-09 18:12:45,349] INFO [/kafka-acl-changes-event-process-thread]: Shutdown completed (kafka.common.ZkNodeChangeNotificationListener$ChangeEventProcessThread)
[2021-07-09 18:12:45,349] INFO [/kafka-acl-extended-changes-event-process-thread]: Shutting down (kafka.common.ZkNodeChangeNotificationListener$ChangeEventProcessThread)
[2021-07-09 18:12:45,349] INFO [/kafka-acl-changes-event-process-thread]: Stopped (kafka.common.ZkNodeChangeNotificationListener$ChangeEventProcessThread)
[2021-07-09 18:12:45,349] INFO [/kafka-acl-extended-changes-event-process-thread]: Stopped (kafka.common.ZkNodeChangeNotificationListener$ChangeEventProcessThread)
[2021-07-09 18:12:45,349] INFO [/kafka-acl-extended-changes-event-process-thread]: Shutdown completed (kafka.common.ZkNodeChangeNotificationListener$ChangeEventProcessThread)
[2021-07-09 18:12:45,350] INFO [ZooKeeperClient ACL authorizer] Closing. (kafka.zookeeper.ZooKeeperClient)
[2021-07-09 18:12:45,494] INFO channel is told closing (org.apache.zookeeper.ClientCnxnSocketNetty)
[2021-07-09 18:12:45,701] INFO channel is disconnected: [id: 0x45515f52, L:/127.0.0.1:45970 ! R:localhost/127.0.0.1:2182] (org.apache.zookeeper.ClientCnxnSocketNetty)
[2021-07-09 18:12:45,701] INFO channel is told closing (org.apache.zookeeper.ClientCnxnSocketNetty)
[2021-07-09 18:12:45,701] INFO EventThread shut down for session: 0x10002ade3af0001 (org.apache.zookeeper.ClientCnxn)
[2021-07-09 18:12:45,701] INFO Session: 0x10002ade3af0001 closed (org.apache.zookeeper.ZooKeeper)
[2021-07-09 18:12:45,702] INFO [ZooKeeperClient ACL authorizer] Closed. (kafka.zookeeper.ZooKeeperClient)
[2021-07-09 18:12:45,703] INFO [ExpirationReaper-0-topic]: Shutting down (kafka.server.DelayedOperationPurgatory$ExpiredOperationReaper)
[2021-07-09 18:12:45,784] INFO [ExpirationReaper-0-topic]: Stopped (kafka.server.DelayedOperationPurgatory$ExpiredOperationReaper)
[2021-07-09 18:12:45,784] INFO [ExpirationReaper-0-topic]: Shutdown completed (kafka.server.DelayedOperationPurgatory$ExpiredOperationReaper)
[2021-07-09 18:12:45,786] INFO [TransactionCoordinator id=0] Shutting down. (kafka.coordinator.transaction.TransactionCoordinator)
[2021-07-09 18:12:45,787] INFO [ProducerId Manager 0]: Shutdown complete: last producerId assigned 0 (kafka.coordinator.transaction.ProducerIdManager)
[2021-07-09 18:12:45,788] INFO [Transaction State Manager 0]: Shutdown complete (kafka.coordinator.transaction.TransactionStateManager)
[2021-07-09 18:12:45,788] INFO [Transaction Marker Channel Manager 0]: Shutting down (kafka.coordinator.transaction.TransactionMarkerChannelManager)
[2021-07-09 18:12:45,789] INFO [Transaction Marker Channel Manager 0]: Shutdown completed (kafka.coordinator.transaction.TransactionMarkerChannelManager)
[2021-07-09 18:12:45,789] INFO [Transaction Marker Channel Manager 0]: Stopped (kafka.coordinator.transaction.TransactionMarkerChannelManager)
[2021-07-09 18:12:45,789] INFO [TransactionCoordinator id=0] Shutdown complete. (kafka.coordinator.transaction.TransactionCoordinator)
[2021-07-09 18:12:45,790] INFO [GroupCoordinator 0]: Shutting down. (kafka.coordinator.group.GroupCoordinator)
[2021-07-09 18:12:45,790] INFO [ExpirationReaper-0-Heartbeat]: Shutting down (kafka.server.DelayedOperationPurgatory$ExpiredOperationReaper)
[2021-07-09 18:12:45,981] INFO [ExpirationReaper-0-Heartbeat]: Stopped (kafka.server.DelayedOperationPurgatory$ExpiredOperationReaper)
[2021-07-09 18:12:45,981] INFO [ExpirationReaper-0-Heartbeat]: Shutdown completed (kafka.server.DelayedOperationPurgatory$ExpiredOperationReaper)
[2021-07-09 18:12:46,448] INFO [ExpirationReaper-0-Rebalance]: Shutting down (kafka.server.DelayedOperationPurgatory$ExpiredOperationReaper)
[2021-07-09 18:12:46,583] INFO [ExpirationReaper-0-Rebalance]: Stopped (kafka.server.DelayedOperationPurgatory$ExpiredOperationReaper)
[2021-07-09 18:12:46,583] INFO [ExpirationReaper-0-Rebalance]: Shutdown completed (kafka.server.DelayedOperationPurgatory$ExpiredOperationReaper)
[2021-07-09 18:12:46,586] INFO [GroupCoordinator 0]: Shutdown complete. (kafka.coordinator.group.GroupCoordinator)
[2021-07-09 18:12:46,591] INFO [ReplicaManager broker=0] Shutting down (kafka.server.ReplicaManager)
[2021-07-09 18:12:46,593] INFO [LogDirFailureHandler]: Shutting down (kafka.server.ReplicaManager$LogDirFailureHandler)
[2021-07-09 18:12:46,594] INFO [LogDirFailureHandler]: Stopped (kafka.server.ReplicaManager$LogDirFailureHandler)
[2021-07-09 18:12:46,595] INFO [LogDirFailureHandler]: Shutdown completed (kafka.server.ReplicaManager$LogDirFailureHandler)
[2021-07-09 18:12:46,602] INFO [ReplicaFetcherManager on broker 0] shutting down (kafka.server.ReplicaFetcherManager)
[2021-07-09 18:12:46,659] INFO [ReplicaFetcherManager on broker 0] shutdown completed (kafka.server.ReplicaFetcherManager)
[2021-07-09 18:12:46,660] INFO [ReplicaAlterLogDirsManager on broker 0] shutting down (kafka.server.ReplicaAlterLogDirsManager)
[2021-07-09 18:12:46,660] INFO [ReplicaAlterLogDirsManager on broker 0] shutdown completed (kafka.server.ReplicaAlterLogDirsManager)
[2021-07-09 18:12:46,660] INFO [ExpirationReaper-0-Fetch]: Shutting down (kafka.server.DelayedOperationPurgatory$ExpiredOperationReaper)
[2021-07-09 18:12:46,746] INFO [ExpirationReaper-0-Fetch]: Shutdown completed (kafka.server.DelayedOperationPurgatory$ExpiredOperationReaper)
[2021-07-09 18:12:46,746] INFO [ExpirationReaper-0-Fetch]: Stopped (kafka.server.DelayedOperationPurgatory$ExpiredOperationReaper)
[2021-07-09 18:12:46,747] INFO [ExpirationReaper-0-Produce]: Shutting down (kafka.server.DelayedOperationPurgatory$ExpiredOperationReaper)
[2021-07-09 18:12:46,946] INFO [ExpirationReaper-0-Produce]: Shutdown completed (kafka.server.DelayedOperationPurgatory$ExpiredOperationReaper)
[2021-07-09 18:12:46,946] INFO [ExpirationReaper-0-Produce]: Stopped (kafka.server.DelayedOperationPurgatory$ExpiredOperationReaper)
[2021-07-09 18:12:46,947] INFO [ExpirationReaper-0-DeleteRecords]: Shutting down (kafka.server.DelayedOperationPurgatory$ExpiredOperationReaper)
[2021-07-09 18:12:47,147] INFO [ExpirationReaper-0-DeleteRecords]: Stopped (kafka.server.DelayedOperationPurgatory$ExpiredOperationReaper)
[2021-07-09 18:12:47,147] INFO [ExpirationReaper-0-DeleteRecords]: Shutdown completed (kafka.server.DelayedOperationPurgatory$ExpiredOperationReaper)
[2021-07-09 18:12:47,148] INFO [ExpirationReaper-0-ElectLeader]: Shutting down (kafka.server.DelayedOperationPurgatory$ExpiredOperationReaper)
[2021-07-09 18:12:47,347] INFO [ExpirationReaper-0-ElectLeader]: Shutdown completed (kafka.server.DelayedOperationPurgatory$ExpiredOperationReaper)
[2021-07-09 18:12:47,347] INFO [ExpirationReaper-0-ElectLeader]: Stopped (kafka.server.DelayedOperationPurgatory$ExpiredOperationReaper)
[2021-07-09 18:12:47,534] INFO [ReplicaManager broker=0] Shut down completely (kafka.server.ReplicaManager)
[2021-07-09 18:12:47,534] INFO [broker-0-to-controller-send-thread]: Shutting down (kafka.server.BrokerToControllerRequestThread)
[2021-07-09 18:12:47,535] INFO [broker-0-to-controller-send-thread]: Shutdown completed (kafka.server.BrokerToControllerRequestThread)
[2021-07-09 18:12:47,535] INFO [broker-0-to-controller-send-thread]: Stopped (kafka.server.BrokerToControllerRequestThread)
[2021-07-09 18:12:47,540] INFO Broker to controller channel manager for alterIsrChannel shutdown (kafka.server.BrokerToControllerChannelManagerImpl)
[2021-07-09 18:12:47,631] INFO Shutting down. (kafka.log.LogManager)
[2021-07-09 18:12:48,108] INFO Shutdown complete. (kafka.log.LogManager)
[2021-07-09 18:12:48,157] INFO [feature-zk-node-event-process-thread]: Shutting down (kafka.server.FinalizedFeatureChangeListener$ChangeNotificationProcessorThread)
[2021-07-09 18:12:48,157] INFO [feature-zk-node-event-process-thread]: Shutdown completed (kafka.server.FinalizedFeatureChangeListener$ChangeNotificationProcessorThread)
[2021-07-09 18:12:48,157] INFO [feature-zk-node-event-process-thread]: Stopped (kafka.server.FinalizedFeatureChangeListener$ChangeNotificationProcessorThread)
[2021-07-09 18:12:48,161] INFO [ZooKeeperClient Kafka server] Closing. (kafka.zookeeper.ZooKeeperClient)
[2021-07-09 18:12:48,247] INFO channel is told closing (org.apache.zookeeper.ClientCnxnSocketNetty)
[2021-07-09 18:12:48,249] INFO channel is disconnected: [id: 0xedfdeba0, L:/127.0.0.1:45966 ! R:localhost/127.0.0.1:2182] (org.apache.zookeeper.ClientCnxnSocketNetty)
[2021-07-09 18:12:48,250] INFO channel is told closing (org.apache.zookeeper.ClientCnxnSocketNetty)
[2021-07-09 18:12:48,250] INFO Session: 0x10002ade3af0000 closed (org.apache.zookeeper.ZooKeeper)
[2021-07-09 18:12:48,250] INFO EventThread shut down for session: 0x10002ade3af0000 (org.apache.zookeeper.ClientCnxn)
[2021-07-09 18:12:48,251] INFO [ZooKeeperClient Kafka server] Closed. (kafka.zookeeper.ZooKeeperClient)
[2021-07-09 18:12:48,253] INFO [ThrottledChannelReaper-Fetch]: Shutting down (kafka.server.ClientQuotaManager$ThrottledChannelReaper)
[2021-07-09 18:12:48,699] INFO [ThrottledChannelReaper-Fetch]: Stopped (kafka.server.ClientQuotaManager$ThrottledChannelReaper)
[2021-07-09 18:12:48,699] INFO [ThrottledChannelReaper-Fetch]: Shutdown completed (kafka.server.ClientQuotaManager$ThrottledChannelReaper)
[2021-07-09 18:12:48,700] INFO [ThrottledChannelReaper-Produce]: Shutting down (kafka.server.ClientQuotaManager$ThrottledChannelReaper)
[2021-07-09 18:12:49,700] INFO [ThrottledChannelReaper-Produce]: Stopped (kafka.server.ClientQuotaManager$ThrottledChannelReaper)
[2021-07-09 18:12:49,700] INFO [ThrottledChannelReaper-Produce]: Shutdown completed (kafka.server.ClientQuotaManager$ThrottledChannelReaper)
[2021-07-09 18:12:49,700] INFO [ThrottledChannelReaper-Request]: Shutting down (kafka.server.ClientQuotaManager$ThrottledChannelReaper)
[2021-07-09 18:12:50,700] INFO [ThrottledChannelReaper-Request]: Stopped (kafka.server.ClientQuotaManager$ThrottledChannelReaper)
[2021-07-09 18:12:50,700] INFO [ThrottledChannelReaper-Request]: Shutdown completed (kafka.server.ClientQuotaManager$ThrottledChannelReaper)
[2021-07-09 18:12:50,700] INFO [ThrottledChannelReaper-ControllerMutation]: Shutting down (kafka.server.ClientQuotaManager$ThrottledChannelReaper)
[2021-07-09 18:12:51,700] INFO [ThrottledChannelReaper-ControllerMutation]: Stopped (kafka.server.ClientQuotaManager$ThrottledChannelReaper)
[2021-07-09 18:12:51,700] INFO [ThrottledChannelReaper-ControllerMutation]: Shutdown completed (kafka.server.ClientQuotaManager$ThrottledChannelReaper)
[2021-07-09 18:12:51,705] INFO [SocketServer listenerType=ZK_BROKER, nodeId=0] Shutting down socket server (kafka.network.SocketServer)
[2021-07-09 18:12:51,747] INFO [SocketServer listenerType=ZK_BROKER, nodeId=0] Shutdown completed (kafka.network.SocketServer)
[2021-07-09 18:12:51,747] INFO Metrics scheduler closed (org.apache.kafka.common.metrics.Metrics)
[2021-07-09 18:12:51,747] INFO Closing reporter org.apache.kafka.common.metrics.JmxReporter (org.apache.kafka.common.metrics.Metrics)
[2021-07-09 18:12:51,748] INFO Metrics reporters closed (org.apache.kafka.common.metrics.Metrics)
[2021-07-09 18:12:51,749] INFO Broker and topic stats closed (kafka.server.BrokerTopicStats)
[2021-07-09 18:12:51,749] INFO App info kafka.server for 0 unregistered (org.apache.kafka.common.utils.AppInfoParser)
[2021-07-09 18:12:51,750] INFO [KafkaServer id=0] shut down completed (kafka.server.KafkaServer)
